[2020-04-01T11:15:22.785] [DEBUG] cheese - login => username:zs,password:123456
[2020-04-01T11:15:22.786] [DEBUG] cheese - zs
[2020-04-01T11:15:22.798] [DEBUG] cheese - null
[2020-04-01T11:15:22.799] [DEBUG] cheese - null
[2020-04-01T12:47:41.440] [DEBUG] cheese - login => username:admin,password:123456
[2020-04-01T12:47:41.440] [DEBUG] cheese - admin
[2020-04-01T12:47:41.448] [DEBUG] cheese - null
[2020-04-01T12:47:41.448] [DEBUG] cheese - null
[2020-04-13T18:22:46.292] [DEBUG] cheese - login => username:zs11,password:123345565
[2020-04-13T18:22:46.294] [DEBUG] cheese - zs11
[2020-04-13T18:22:46.587] [DEBUG] cheese - null
[2020-04-13T18:22:46.588] [DEBUG] cheese - null
[2020-04-13T18:25:25.145] [DEBUG] cheese - login => username:zs333,password:123ddddd
[2020-04-13T18:25:25.145] [DEBUG] cheese - zs333
[2020-04-13T18:25:25.149] [DEBUG] cheese - null
[2020-04-13T18:25:25.149] [DEBUG] cheese - null
[2020-04-13T18:26:59.723] [DEBUG] cheese - login => username:zs333,password:123dfgg
[2020-04-13T18:26:59.723] [DEBUG] cheese - zs333
[2020-04-13T18:26:59.726] [DEBUG] cheese - null
[2020-04-13T18:26:59.726] [DEBUG] cheese - null
[2020-04-13T18:29:46.768] [DEBUG] cheese - login => username:zserfgft,password:12344444
[2020-04-13T18:29:46.769] [DEBUG] cheese - zserfgft
[2020-04-13T18:29:46.772] [DEBUG] cheese - null
[2020-04-13T18:29:46.772] [DEBUG] cheese - null
[2020-04-13T18:30:07.434] [DEBUG] cheese - login => username:admin,password:123456
[2020-04-13T18:30:07.434] [DEBUG] cheese - admin
[2020-04-13T18:30:09.081] [DEBUG] cheese - null
[2020-04-13T18:30:09.081] [DEBUG] cheese - null
[2020-04-13T21:42:18.376] [DEBUG] cheese - login => username:zsqqq,password:123dfggj
[2020-04-13T21:42:18.377] [DEBUG] cheese - zsqqq
[2020-04-13T21:42:18.384] [DEBUG] cheese - null
[2020-04-13T21:42:18.384] [DEBUG] cheese - null
[2020-04-13T21:42:28.302] [DEBUG] cheese - login => username:admin,password:123456
[2020-04-13T21:42:28.302] [DEBUG] cheese - admin
[2020-04-13T21:42:28.310] [DEBUG] cheese - null
[2020-04-13T21:42:28.310] [DEBUG] cheese - null
[2020-04-13T22:17:34.259] [DEBUG] cheese - login => username:zs33,password:123fffff
[2020-04-13T22:17:34.259] [DEBUG] cheese - zs33
[2020-04-13T22:17:34.264] [DEBUG] cheese - null
[2020-04-13T22:17:34.265] [DEBUG] cheese - null
[2020-04-13T22:17:56.646] [DEBUG] cheese - login => username:admin,password:123456
[2020-04-13T22:17:56.646] [DEBUG] cheese - admin
[2020-04-13T22:17:56.650] [DEBUG] cheese - null
[2020-04-13T22:17:56.650] [DEBUG] cheese - null
[2020-04-13T22:34:23.688] [DEBUG] cheese - login => username:admin,password:123456
[2020-04-13T22:34:23.688] [DEBUG] cheese - admin
[2020-04-13T22:34:23.692] [DEBUG] cheese - null
[2020-04-13T22:34:23.692] [DEBUG] cheese - null
[2020-04-13T23:18:39.434] [DEBUG] cheese - login => username:admin,password:123456
[2020-04-13T23:18:39.435] [DEBUG] cheese - admin
[2020-04-13T23:18:39.443] [DEBUG] cheese - null
[2020-04-13T23:18:39.443] [DEBUG] cheese - null
[2020-04-14T17:21:59.716] [DEBUG] cheese - login => username:admin1,password:123456
[2020-04-14T17:21:59.719] [DEBUG] cheese - admin1
[2020-04-14T17:22:00.103] [DEBUG] cheese - null
[2020-04-14T17:22:00.104] [DEBUG] cheese - null
[2020-04-14T17:22:03.819] [DEBUG] cheese - login => username:admin,password:123456
[2020-04-14T17:22:03.820] [DEBUG] cheese - admin
[2020-04-14T17:22:03.827] [DEBUG] cheese - null
[2020-04-14T17:22:03.827] [DEBUG] cheese - null
[2020-04-14T17:23:00.554] [DEBUG] cheese - login => username:admin,password:123456
[2020-04-14T17:23:00.554] [DEBUG] cheese - admin
[2020-04-14T17:23:00.558] [DEBUG] cheese - null
[2020-04-14T17:23:00.558] [DEBUG] cheese - null
[2020-04-14T17:25:10.898] [DEBUG] cheese - login => username:admin,password:123456
[2020-04-14T17:25:10.898] [DEBUG] cheese - admin
[2020-04-14T17:25:10.902] [DEBUG] cheese - null
[2020-04-14T17:25:10.903] [DEBUG] cheese - null
[2020-04-14T18:49:12.992] [DEBUG] cheese - login => username:admin,password:123456
[2020-04-14T18:49:12.992] [DEBUG] cheese - admin
[2020-04-14T18:49:12.995] [DEBUG] cheese - null
[2020-04-14T18:49:12.995] [DEBUG] cheese - null
